<?xml version="1.0" encoding="UTF-8"?>
<testng-results ignored="0" total="1" passed="1" failed="0" skipped="0">
  <reporter-output>
  </reporter-output>
  <suite started-at="2023-11-04T10:23:22Z" name="Suite" finished-at="2023-11-04T10:23:23Z" duration-ms="1841">
    <groups>
    </groups>
    <test started-at="2023-11-04T10:23:22Z" name="Test" finished-at="2023-11-04T10:23:23Z" duration-ms="1841">
      <class name="localAPIExampleStatic.TC_02_POST_CreateUser">
        <test-method signature="verifyListUserTest()[pri:0, instance:localAPIExampleStatic.TC_02_POST_CreateUser@52e7a6b2]" started-at="2023-11-04T15:53:22Z" name="verifyListUserTest" finished-at="2023-11-04T15:53:23Z" duration-ms="1827" status="PASS">
          <reporter-output>
          </reporter-output>
        </test-method> <!-- verifyListUserTest -->
      </class> <!-- localAPIExampleStatic.TC_02_POST_CreateUser -->
    </test> <!-- Test -->
  </suite> <!-- Suite -->
</testng-results>
