<?xml version="1.0" encoding="UTF-8"?>
<testsuite xmlns:xsi="http://www.w3.org/2001/XMLSchema-instance" xsi:noNamespaceSchemaLocation="https://maven.apache.org/surefire/maven-surefire-plugin/xsd/surefire-test-report-3.0.xsd" version="3.0" name="TestSuite" time="2.856" tests="1" errors="0" skipped="0" failures="0">
  <properties>
[...]
</properties>
  <testcase name="verifyListUserTest" classname="localAPIExampleStatic.TC_02_POST_CreateUser" time="1.827">
    <system-out><![CDATA[[TestNGContentHandler] [WARN] It is strongly recommended to add "<!DOCTYPE suite SYSTEM "http://testng.org/testng-1.0.dtd" >" at the top of your file, otherwise TestNG may fail or not work as expected.
=====================================
{"last_name":"Soni......","first_name":"Abhishek","subjectId":2}
=====================================
HTTP/1.1 201 Created
X-Powered-By: Express
Vary: Origin, X-HTTP-Method-Override, Accept-Encoding
Access-Control-Allow-Credentials: true
Cache-Control: no-cache
Pragma: no-cache
Expires: -1
Access-Control-Expose-Headers: Location
Location: http://localhost:3000/users/113
X-Content-Type-Options: nosniff
Content-Type: application/json; charset=utf-8
Content-Length: 90
ETag: W/"5a-uIGHq83fIptfsorlmNvkw4Lgdn0"
Date: Sat, 04 Nov 2023 10:23:23 GMT
Connection: keep-alive
Keep-Alive: timeout=5

{
    "last_name": "Soni......",
    "first_name": "Abhishek",
    "subjectId": 2,
    "id": 113
}
]]></system-out>
  </testcase>
</testsuite>