<?xml version="1.0" encoding="UTF-8"?>
<testng-results ignored="0" total="1" passed="1" failed="0" skipped="0">
  <reporter-output>
  </reporter-output>
  <suite started-at="2023-11-04T09:33:55Z" name="Suite" finished-at="2023-11-04T09:33:57Z" duration-ms="1865">
    <groups>
    </groups>
    <test started-at="2023-11-04T09:33:55Z" name="Test" finished-at="2023-11-04T09:33:57Z" duration-ms="1865">
      <class name="localAPIExampleStatic.TC_02_POST_CreateUser">
        <test-method signature="verifyListUserTest()[pri:0, instance:localAPIExampleStatic.TC_02_POST_CreateUser@75d2da2d]" started-at="2023-11-04T15:03:55Z" name="verifyListUserTest" finished-at="2023-11-04T15:03:57Z" duration-ms="1855" status="PASS">
          <reporter-output>
          </reporter-output>
        </test-method> <!-- verifyListUserTest -->
      </class> <!-- localAPIExampleStatic.TC_02_POST_CreateUser -->
    </test> <!-- Test -->
  </suite> <!-- Suite -->
</testng-results>
